\BOOKMARK [0][-]{chapter.1}{Introduction}{}% 1
\BOOKMARK [1][-]{section.1.1}{Personal Background}{chapter.1}% 2
\BOOKMARK [1][-]{section.1.2}{Project Overview}{chapter.1}% 3
\BOOKMARK [0][-]{chapter.2}{Comparison of Bibliographic Resources}{}% 4
\BOOKMARK [1][-]{section.2.1}{Microsoft Academic Search}{chapter.2}% 5
\BOOKMARK [1][-]{section.2.2}{Google Scholar}{chapter.2}% 6
\BOOKMARK [1][-]{section.2.3}{PubMed}{chapter.2}% 7
\BOOKMARK [0][-]{chapter.3}{Aims}{}% 8
\BOOKMARK [1][-]{section.3.1}{Motivation}{chapter.3}% 9
\BOOKMARK [1][-]{section.3.2}{List of Aims}{chapter.3}% 10
\BOOKMARK [0][-]{chapter.4}{Related Work}{}% 11
\BOOKMARK [1][-]{section.4.1}{GoPubMed: An Ontology-Driven Search Engine}{chapter.4}% 12
\BOOKMARK [1][-]{section.4.2}{Academic Map: Geographical Locations of Institutions and Authors}{chapter.4}% 13
\BOOKMARK [1][-]{section.4.3}{VOSviewer: Graphical Representation of Networks from Citation Data}{chapter.4}% 14
\BOOKMARK [1][-]{section.4.4}{Discussion}{chapter.4}% 15
\BOOKMARK [0][-]{chapter.5}{Objectives}{}% 16
\BOOKMARK [1][-]{section.5.1}{Proposed System Architecture}{chapter.5}% 17
\BOOKMARK [1][-]{section.5.2}{Programming Languages and Web frameworks}{chapter.5}% 18
\BOOKMARK [2][-]{subsection.5.2.1}{Python vs. Ruby}{section.5.2}% 19
\BOOKMARK [2][-]{subsection.5.2.2}{Flask vs. Bottle}{section.5.2}% 20
\BOOKMARK [1][-]{section.5.3}{Semantic Analysis Tools}{chapter.5}% 21
\BOOKMARK [2][-]{subsection.5.3.1}{ARIANA}{section.5.3}% 22
\BOOKMARK [1][-]{section.5.4}{Address Disambiguation}{chapter.5}% 23
\BOOKMARK [1][-]{section.5.5}{Visualisation Libraries}{chapter.5}% 24
\BOOKMARK [2][-]{subsection.5.5.1}{Why JavaScript?}{section.5.5}% 25
\BOOKMARK [0][-]{chapter*.6}{Bibliography}{}% 26
